Build started 9/16/2018 4:46:37 PM.
     1>Project "C:\tahawork\Semester 4\Data Structures\Binary search(using recursion)\Binary search(using recursion)\Binary search(using recursion).vcxproj" on node 2 (build target(s)).
     1>InitializeBuildStatus:
         Creating "Debug\Binary search(using recursion).unsuccessfulbuild" because "AlwaysCreate" was specified.
       ClCompile:
         All outputs are up-to-date.
         c:\Program Files (x86)\Microsoft Visual Studio 10.0\VC\bin\CL.exe /c /ZI /nologo /W3 /WX- /Od /Oy- /D WIN32 /D _DEBUG /D _CONSOLE /D _UNICODE /D UNICODE /Gm /EHsc /RTC1 /MDd /GS /fp:precise /Zc:wchar_t /Zc:forScope /Fo"Debug\\" /Fd"Debug\vc100.pdb" /Gd /TP /analyze- /errorReport:prompt "Binary search(using recursion).cpp"
         Binary search(using recursion).cpp
       ManifestResourceCompile:
         All outputs are up-to-date.
       Link:
         c:\Program Files (x86)\Microsoft Visual Studio 10.0\VC\bin\link.exe /ERRORREPORT:PROMPT /OUT:"C:\tahawork\Semester 4\Data Structures\Binary search(using recursion)\Debug\Binary search(using recursion).exe" /INCREMENTAL /NOLOGO kernel32.lib user32.lib gdi32.lib winspool.lib comdlg32.lib advapi32.lib shell32.lib ole32.lib oleaut32.lib uuid.lib odbc32.lib odbccp32.lib /MANIFEST /ManifestFile:"Debug\Binary search(using recursion).exe.intermediate.manifest" /MANIFESTUAC:"level='asInvoker' uiAccess='false'" /DEBUG /PDB:"C:\tahawork\Semester 4\Data Structures\Binary search(using recursion)\Debug\Binary search(using recursion).pdb" /SUBSYSTEM:CONSOLE /TLBID:1 /DYNAMICBASE /NXCOMPAT /IMPLIB:"C:\tahawork\Semester 4\Data Structures\Binary search(using recursion)\Debug\Binary search(using recursion).lib" /MACHINE:X86 "Debug\Binary search(using recursion).exe.embed.manifest.res"
         "Debug\Binary search(using recursion).obj"
         Debug\stdafx.obj
       Manifest:
         C:\Program Files (x86)\Microsoft SDKs\Windows\v7.0A\bin\mt.exe /nologo /verbose /out:"Debug\Binary search(using recursion).exe.embed.manifest" /manifest "Debug\Binary search(using recursion).exe.intermediate.manifest"
         All outputs are up-to-date.
       LinkEmbedManifest:
         All outputs are up-to-date.
         Binary search(using recursion).vcxproj -> C:\tahawork\Semester 4\Data Structures\Binary search(using recursion)\Debug\Binary search(using recursion).exe
       FinalizeBuildStatus:
         Deleting file "Debug\Binary search(using recursion).unsuccessfulbuild".
         Touching "Debug\Binary search(using recursion).lastbuildstate".
     1>Done Building Project "C:\tahawork\Semester 4\Data Structures\Binary search(using recursion)\Binary search(using recursion)\Binary search(using recursion).vcxproj" (build target(s)).

Build succeeded.

Time Elapsed 00:00:01.24
